<?xml version="1.0" encoding="UTF-8"?>
<!-- Generated by org.testng.reporters.JUnitReportReporter -->
<testsuite hostname="Dell-Pc" failures="0" tests="1" name="testngpackage.Assertionsofttest" time="4.678" errors="0" timestamp="2023-06-12T10:10:34 IST" skipped="0">
  <testcase classname="testngpackage.Assertionsofttest" name="Test1" time="4.678"/>
  <system-out/>
</testsuite> <!-- testngpackage.Assertionsofttest -->
