<?xml version="1.0" encoding="UTF-8"?>
<!-- Generated by org.testng.reporters.JUnitReportReporter -->
<testsuite hostname="Dell-Pc" failures="0" tests="1" name="test.Fblogintest" time="1.278" errors="0" timestamp="2023-06-26T22:15:03 IST" skipped="0">
  <testcase classname="test.Fblogintest" name="test1" time="1.278"/>
  <system-out/>
</testsuite> <!-- test.Fblogintest -->
