<?xml version="1.0" encoding="UTF-8"?>
<!-- Generated by org.testng.reporters.JUnitReportReporter -->
<testsuite hostname="Dell-Pc" failures="0" tests="1" name="test.Fbcreatetest" time="7.679" errors="0" timestamp="2023-06-26T22:15:04 IST" skipped="0">
  <testcase classname="test.Fbcreatetest" name="test1" time="7.679"/>
  <system-out/>
</testsuite> <!-- test.Fbcreatetest -->
