<?xml version="1.0" encoding="UTF-8"?>
<!-- Generated by org.testng.reporters.JUnitReportReporter -->
<testsuite hostname="Dell-Pc" failures="0" tests="1" name="testngpackage.Assertiontest" time="5.492" errors="0" timestamp="2023-06-12T10:02:57 IST" skipped="0">
  <testcase classname="testngpackage.Assertiontest" name="test1" time="5.492"/>
  <system-out/>
</testsuite> <!-- testngpackage.Assertiontest -->
