<?xml version="1.0" encoding="UTF-8"?>
<!-- Generated by org.testng.reporters.JUnitReportReporter -->
<testsuite hostname="Dell-Pc" failures="0" tests="1" name="testngpackage.Keyboardprgm" time="31.955" errors="0" timestamp="2023-06-05T10:02:28 IST" skipped="0">
  <testcase classname="testngpackage.Keyboardprgm" name="Test1" time="31.955"/>
  <system-out/>
</testsuite> <!-- testngpackage.Keyboardprgm -->
