<?xml version="1.0" encoding="UTF-8"?>
<!-- Generated by org.testng.reporters.JUnitReportReporter -->
<testsuite hostname="Dell-Pc" failures="0" tests="1" name="testngpackage.Data" time="19.351" errors="0" timestamp="2023-06-08T11:31:13 IST" skipped="0">
  <testcase classname="testngpackage.Data" name="Test" time="19.351"/>
  <system-out/>
</testsuite> <!-- testngpackage.Data -->
