<?xml version="1.0" encoding="UTF-8"?>
<!-- Generated by org.testng.reporters.JUnitReportReporter -->
<testsuite hostname="Dell-Pc" failures="0" tests="3" name="testngpackage.Grouping1" time="0.017" errors="0" timestamp="2023-06-12T10:15:50 IST" skipped="0">
  <testcase classname="testngpackage.Grouping1" name="Test4" time="0.004"/>
  <system-out/>
  <testcase classname="testngpackage.Grouping1" name="Test3" time="0.003"/>
  <system-out/>
  <testcase classname="testngpackage.Grouping1" name="Test2" time="0.010"/>
  <system-out/>
</testsuite> <!-- testngpackage.Grouping1 -->
