<?xml version="1.0" encoding="UTF-8"?>
<!-- Generated by org.testng.reporters.JUnitReportReporter -->
<testsuite hostname="Dell-Pc" failures="0" tests="3" name="testngpackage.Rediffdemo" time="73.083" errors="0" timestamp="2023-06-01T10:58:25 IST" skipped="0">
  <testcase classname="testngpackage.Rediffdemo" name="createbutton" time="35.779"/>
  <system-out/>
  <testcase classname="testngpackage.Rediffdemo" name="logo" time="7.326"/>
  <system-out/>
  <testcase classname="testngpackage.Rediffdemo" name="radiobutton" time="29.978"/>
  <system-out/>
</testsuite> <!-- testngpackage.Rediffdemo -->
