<?xml version="1.0" encoding="UTF-8"?>
<!-- Generated by org.testng.reporters.JUnitReportReporter -->
<testsuite hostname="Dell-Pc" failures="0" tests="1" name="testngpackage.Draganddrop" time="19.461" errors="0" timestamp="2023-06-05T10:54:57 IST" skipped="0">
  <testcase classname="testngpackage.Draganddrop" name="test" time="19.461"/>
  <system-out/>
</testsuite> <!-- testngpackage.Draganddrop -->
