<?xml version="1.0" encoding="UTF-8"?>
<!-- Generated by org.testng.reporters.JUnitReportReporter -->
<testsuite hostname="Dell-Pc" failures="0" tests="6" name="testngpackage.Demo2" time="0.035" errors="0" timestamp="2023-05-31T10:36:35 IST" skipped="1">
  <testcase classname="testngpackage.Demo2" name="Testing4" time="0.006"/>
  <system-out/>
  <testcase classname="testngpackage.Demo2" name="Testing3" time="0.007"/>
  <system-out/>
  <testcase classname="testngpackage.Demo2" name="Testing3" time="0.004"/>
  <system-out/>
  <testcase classname="testngpackage.Demo2" name="Testing3" time="0.013"/>
  <system-out/>
  <testcase classname="testngpackage.Demo2" name="Testing2" time="0.005"/>
  <system-out/>
  <testcase classname="testngpackage.Demo2" name="Testing1">
    <skipped/>
  </testcase> <!-- Testing1 -->
  <system-out/>
</testsuite> <!-- testngpackage.Demo2 -->
