<?xml version="1.0" encoding="UTF-8"?>
<!-- Generated by org.testng.reporters.JUnitReportReporter -->
<testsuite hostname="Dell-Pc" failures="0" tests="2" name="testngpackage.Demo" time="0.017" errors="0" timestamp="2023-05-31T10:08:24 IST" skipped="0">
  <testcase classname="testngpackage.Demo" name="Testing1" time="0.012"/>
  <system-out/>
  <testcase classname="testngpackage.Demo" name="Testing2" time="0.005"/>
  <system-out/>
</testsuite> <!-- testngpackage.Demo -->
