<?xml version="1.0" encoding="UTF-8"?>
<!-- Generated by org.testng.reporters.JUnitReportReporter -->
<testsuite hostname="Dell-Pc" failures="0" tests="1" name="testngpackage.Datepicker" time="1.290" errors="0" timestamp="2023-06-10T11:58:40 IST" skipped="0">
  <testcase classname="testngpackage.Datepicker" name="Test1" time="1.290"/>
  <system-out/>
</testsuite> <!-- testngpackage.Datepicker -->
