<?xml version="1.0" encoding="UTF-8"?>
<!-- Generated by org.testng.reporters.JUnitReportReporter -->
<testsuite hostname="Dell-Pc" failures="0" tests="2" name="testngpackage.Grouping" time="0.022" errors="0" timestamp="2023-06-01T09:50:57 IST" skipped="0">
  <testcase classname="testngpackage.Grouping" name="Test3" time="0.003"/>
  <system-out/>
  <testcase classname="testngpackage.Grouping" name="Test1" time="0.019"/>
  <system-out/>
</testsuite> <!-- testngpackage.Grouping -->
